<?xml version="1.0" encoding="UTF-8"?>
<!-- Generated by org.testng.reporters.JUnitXMLReporter -->
<testsuite hostname="gajju-PC" ignored="0" name="Default test" tests="4" failures="0" timestamp="03 Mar 2019 07:10:46 GMT" time="0.069" errors="0">
  <testcase name="test1" time="0.008" classname="basicAnnotations.Module2"/>
  <testcase name="test2" time="0.002" classname="basicAnnotations.Module2"/>
  <testcase name="test1" time="0.002" classname="basicAnnotations.Module1"/>
  <testcase name="test2" time="0.002" classname="basicAnnotations.Module1"/>
</testsuite> <!-- Default test -->
